<?xml version="1.0" encoding="UTF-8"?>
<testng-results ignored="0" total="4" passed="4" failed="0" skipped="0">
  <reporter-output>
  </reporter-output>
  <suite started-at="2026-04-01T15:55:00 MDT" name="SynechronSuite" finished-at="2026-04-01T15:55:04 MDT" duration-ms="3675">
    <groups>
      <group name="api">
        <method signature="UsersApiTest.createUserTest()[pri:0, instance:api.UsersApiTest@1725dc0f]" name="createUserTest" class="api.UsersApiTest"/>
        <method signature="UsersApiTest.getSingleUserTest()[pri:0, instance:api.UsersApiTest@1725dc0f]" name="getSingleUserTest" class="api.UsersApiTest"/>
        <method signature="UsersApiTest.getUsersTest()[pri:0, instance:api.UsersApiTest@1725dc0f]" name="getUsersTest" class="api.UsersApiTest"/>
      </group> <!-- api -->
    </groups>
    <test started-at="2026-04-01T15:55:00 MDT" name="UITests" finished-at="2026-04-01T15:55:02 MDT" duration-ms="2304">
      <class name="tests.LoginTest">
        <test-method is-config="true" signature="setUp()[pri:0, instance:tests.LoginTest@51e5fc98]" started-at="2026-04-01T15:55:00 MDT" name="setUp" finished-at="2026-04-01T15:55:02 MDT" duration-ms="1558" status="PASS">
          <reporter-output>
          </reporter-output>
        </test-method> <!-- setUp -->
        <test-method signature="validLoginTest()[pri:0, instance:tests.LoginTest@51e5fc98]" started-at="2026-04-01T15:55:02 MDT" name="validLoginTest" finished-at="2026-04-01T15:55:02 MDT" duration-ms="648" status="PASS">
          <reporter-output>
          </reporter-output>
        </test-method> <!-- validLoginTest -->
        <test-method is-config="true" signature="tearDown()[pri:0, instance:tests.LoginTest@51e5fc98]" started-at="2026-04-01T15:55:02 MDT" name="tearDown" finished-at="2026-04-01T15:55:02 MDT" duration-ms="88" status="PASS">
          <reporter-output>
          </reporter-output>
        </test-method> <!-- tearDown -->
      </class> <!-- tests.LoginTest -->
    </test> <!-- UITests -->
    <test started-at="2026-04-01T15:55:02 MDT" name="APITests" finished-at="2026-04-01T15:55:04 MDT" duration-ms="1349">
      <class name="api.UsersApiTest">
        <test-method signature="createUserTest()[pri:0, instance:api.UsersApiTest@1725dc0f]" started-at="2026-04-01T15:55:02 MDT" name="createUserTest" finished-at="2026-04-01T15:55:03 MDT" duration-ms="1022" status="PASS">
          <reporter-output>
          </reporter-output>
        </test-method> <!-- createUserTest -->
        <test-method signature="getSingleUserTest()[pri:0, instance:api.UsersApiTest@1725dc0f]" started-at="2026-04-01T15:55:03 MDT" name="getSingleUserTest" finished-at="2026-04-01T15:55:04 MDT" duration-ms="206" status="PASS">
          <reporter-output>
          </reporter-output>
        </test-method> <!-- getSingleUserTest -->
        <test-method signature="getUsersTest()[pri:0, instance:api.UsersApiTest@1725dc0f]" started-at="2026-04-01T15:55:04 MDT" name="getUsersTest" finished-at="2026-04-01T15:55:04 MDT" duration-ms="118" status="PASS">
          <reporter-output>
          </reporter-output>
        </test-method> <!-- getUsersTest -->
      </class> <!-- api.UsersApiTest -->
    </test> <!-- APITests -->
  </suite> <!-- SynechronSuite -->
</testng-results>
