<?xml version="1.0" encoding="UTF-8"?>
<testsuite xmlns:xsi="http://www.w3.org/2001/XMLSchema-instance" xsi:noNamespaceSchemaLocation="https://maven.apache.org/surefire/maven-surefire-plugin/xsd/surefire-test-report-3.0.xsd" version="3.0" name="TestSuite" time="9.045" tests="6" errors="0" skipped="0" failures="0">
  <properties>
[...]
</properties>
  <testcase name="validLoginTest" classname="tests.LoginTest" time="0.575">
    <system-err><![CDATA[Apr 02, 2026 11:16:47 A.M. org.openqa.selenium.manager.SeleniumManager lambda$runCommand$1
WARNING: Error sending stats to Plausible: error sending request for url (https://plausible.io/api/event)
Apr 02, 2026 11:16:49 A.M. org.openqa.selenium.devtools.CdpVersionFinder findNearestMatch
WARNING: Unable to find an exact match for CDP version 146, returning the closest version; found: 145; Please update to a Selenium version that supports CDP version 146
]]></system-err>
  </testcase>
  <testcase name="createUserTest" classname="api.UsersApiTest" time="1.129"/>
  <testcase name="getSingleUserTest" classname="api.UsersApiTest" time="0.44"/>
  <testcase name="getUsersTest" classname="api.UsersApiTest" time="0.41"/>
  <testcase name="runScenario[&quot;Successful login&quot;, &quot;Login&quot;](1)" classname="runners.RunCucumberTest" time="0.021">
    <system-out><![CDATA[
Scenario: Successful login                   # src/test/resources/features/login.feature:3
Open login page
  ✔ Given user opens the login page          # stepdefinitions.LoginSteps.userOpensTheLoginPage()
Perform login
  ✔ When user logs in with valid credentials # stepdefinitions.LoginSteps.userLogsInWithValidCredentials()
Verify products page
  ✔ Then products page is displayed          # stepdefinitions.LoginSteps.productsPageIsDisplayed()
]]></system-out>
  </testcase>
  <testcase name="runScenario[&quot;Get users list successfully&quot;, &quot;Users API&quot;](2)" classname="runners.RunCucumberTest" time="0.09">
    <system-out><![CDATA[
Scenario: Get users list successfully           # src/test/resources/features/users.feature:3
  ✔ Given the users API is available            # stepdefinitions.UsersSteps.theUsersApiIsAvailable()
  ✔ When I request users on page 2              # stepdefinitions.UsersSteps.iRequestUsersOnPage(int)
  ✔ Then the response status code should be 200 # stepdefinitions.UsersSteps.theResponseStatusCodeShouldBe(int)
  ✔ And the response should contain emails      # stepdefinitions.UsersSteps.theResponseShouldContainEmails()
]]></system-out>
  </testcase>
</testsuite>