<?xml version="1.0" encoding="UTF-8"?>
<!-- Generated by org.testng.reporters.JUnitReportReporter -->
<testsuite hostname="mac" failures="0" tests="3" name="api.UsersApiTest" time="1.978" errors="0" timestamp="2026-04-02T11:16:52 MDT" skipped="0">
  <testcase classname="api.UsersApiTest" name="createUserTest" time="1.128"/>
  <testcase classname="api.UsersApiTest" name="getUsersTest" time="0.410"/>
  <testcase classname="api.UsersApiTest" name="getSingleUserTest" time="0.440"/>
</testsuite> <!-- api.UsersApiTest -->
