<?xml version="1.0" encoding="UTF-8"?>
<!-- Generated by org.testng.reporters.JUnitXMLReporter -->
<testsuite ignored="0" hostname="mac" failures="0" tests="3" name="APITests" time="1.942" errors="0" timestamp="2026-04-01T17:24:07 MDT">
  <testcase classname="api.UsersApiTest" name="createUserTest" time="1.096"/>
  <testcase classname="api.UsersApiTest" name="getSingleUserTest" time="0.417"/>
  <testcase classname="api.UsersApiTest" name="getUsersTest" time="0.428"/>
</testsuite> <!-- APITests -->
