<?xml version="1.0" encoding="UTF-8"?>
<!-- Generated by org.testng.reporters.JUnitXMLReporter -->
<testsuite ignored="0" hostname="mac" failures="0" tests="3" name="APITests" time="1.349" errors="0" timestamp="2026-04-01T15:55:04 MDT">
  <testcase classname="api.UsersApiTest" name="createUserTest" time="1.022"/>
  <testcase classname="api.UsersApiTest" name="getSingleUserTest" time="0.206"/>
  <testcase classname="api.UsersApiTest" name="getUsersTest" time="0.118"/>
</testsuite> <!-- APITests -->
